Started POST "/api/v1/people" for ::1 at 2019-10-19 17:35:04 +0530
  [1m[35m (0.5ms)[0m  [1m[34mSELECT "schema_migrations"."version" FROM "schema_migrations" ORDER BY "schema_migrations"."version" ASC[0m
Processing by Api::V1::PeopleController#create as */*
  Parameters: {"email"=>"naveen123@gmail.com", "password"=>"[FILTERED]", "person"=>{}}
Completed 400 Bad Request in 0ms (ActiveRecord: 1.7ms | Allocations: 180)


  
ActionController::ParameterMissing (param is missing or the value is empty: person):
  
app/controllers/api/v1/people_controller.rb:41:in `person_params'
app/controllers/api/v1/people_controller.rb:15:in `create'
Started GET "/api/v1/people" for ::1 at 2019-10-19 17:35:14 +0530
Processing by Api::V1::PeopleController#index as */*
  Parameters: {"email"=>"naveen123@gmail.com", "password"=>"[FILTERED]", "person"=>{}}
  [1m[36mPerson Load (0.4ms)[0m  [1m[34mSELECT "people".* FROM "people"[0m
  ↳ app/controllers/api/v1/people_controller.rb:6:in `index'
[active_model_serializers]   [1m[36mArticle Load (0.5ms)[0m  [1m[34mSELECT "articles".* FROM "articles" WHERE "articles"."person_id" = $1[0m  [["person_id", 1]]
[active_model_serializers]   ↳ app/serializers/person_serializer.rb:7:in `map'
[active_model_serializers]   [1m[36mArticle Load (0.4ms)[0m  [1m[34mSELECT "articles".* FROM "articles" WHERE "articles"."person_id" = $1[0m  [["person_id", 2]]
[active_model_serializers]   ↳ app/serializers/person_serializer.rb:7:in `map'
[active_model_serializers]   [1m[36mArticle Load (0.4ms)[0m  [1m[34mSELECT "articles".* FROM "articles" WHERE "articles"."person_id" = $1[0m  [["person_id", 3]]
[active_model_serializers]   ↳ app/serializers/person_serializer.rb:7:in `map'
[active_model_serializers]   [1m[36mArticle Load (0.5ms)[0m  [1m[34mSELECT "articles".* FROM "articles" WHERE "articles"."person_id" = $1[0m  [["person_id", 4]]
[active_model_serializers]   ↳ app/serializers/person_serializer.rb:7:in `map'
[active_model_serializers]   [1m[36mArticle Load (0.7ms)[0m  [1m[34mSELECT "articles".* FROM "articles" WHERE "articles"."person_id" = $1[0m  [["person_id", 5]]
[active_model_serializers]   ↳ app/serializers/person_serializer.rb:7:in `map'
[active_model_serializers] Rendered ActiveModel::Serializer::CollectionSerializer with ActiveModelSerializers::Adapter::JsonApi (23.48ms)
Completed 200 OK in 31ms (Views: 23.2ms | ActiveRecord: 7.6ms | Allocations: 17090)


Started POST "/api/v1/people" for ::1 at 2019-10-19 17:36:12 +0530
Processing by Api::V1::PeopleController#create as */*
  Parameters: {"email"=>"naveen123@gmail.com", "password"=>"[FILTERED]", "person"=>{}}
Completed 400 Bad Request in 0ms (ActiveRecord: 0.0ms | Allocations: 126)


  
ActionController::ParameterMissing (param is missing or the value is empty: person):
  
app/controllers/api/v1/people_controller.rb:41:in `person_params'
app/controllers/api/v1/people_controller.rb:15:in `create'
Started POST "/api/v1/users" for ::1 at 2019-10-19 17:36:26 +0530
Processing by Api::V1::User::RegistrationsController#create as */*
  Parameters: {"email"=>"naveen123@gmail.com", "password"=>"[FILTERED]", "registration"=>{"email"=>"naveen123@gmail.com", "password"=>"[FILTERED]"}}
Completed 500 Internal Server Error in 3ms (ActiveRecord: 0.0ms | Allocations: 903)


  
NoMethodError (undefined method `find_by' for Api::V1::User:Module):
  
app/controllers/api/v1/user/registrations_controller.rb:6:in `create'
Started POST "/api/v1/users" for ::1 at 2019-10-19 17:38:43 +0530
Processing by Api::V1::User::RegistrationsController#create as */*
  Parameters: {"email"=>"naveen123@gmail.com", "password"=>"[FILTERED]", "registration"=>{"email"=>"naveen123@gmail.com", "password"=>"[FILTERED]"}}
Completed 500 Internal Server Error in 2ms (ActiveRecord: 0.0ms | Allocations: 895)


  
NoMethodError (undefined method `find_by' for Api::V1::User:Module):
  
app/controllers/api/v1/user/registrations_controller.rb:5:in `create'
Started POST "/api/v1/users" for ::1 at 2019-10-19 17:41:22 +0530
  
ArgumentError ('/api/v1/user/registrations' is not a supported controller name. This can lead to potential routing problems. See https://guides.rubyonrails.org/routing.html#specifying-a-controller-to-use):
  
config/routes.rb:6:in `block (3 levels) in <main>'
config/routes.rb:3:in `block (2 levels) in <main>'
config/routes.rb:2:in `block in <main>'
config/routes.rb:1:in `<main>'
Started POST "/api/v1/users" for ::1 at 2019-10-19 17:41:44 +0530
Processing by Api::V1::User::RegistrationsController#create as */*
  Parameters: {"email"=>"naveen123@gmail.com", "password"=>"[FILTERED]", "registration"=>{"email"=>"naveen123@gmail.com", "password"=>"[FILTERED]"}}
Completed 500 Internal Server Error in 2ms (ActiveRecord: 0.0ms | Allocations: 895)


  
NoMethodError (undefined method `find_by' for Api::V1::User:Module):
  
app/controllers/api/v1/user/registrations_controller.rb:5:in `create'
Started POST "/api/v1/users" for ::1 at 2019-10-19 17:42:25 +0530
Processing by Api::V1::User::RegistrationsController#create as */*
  Parameters: {"email"=>"naveen123@gmail.com", "password"=>"[FILTERED]", "registration"=>{"email"=>"naveen123@gmail.com", "password"=>"[FILTERED]"}}
Completed 500 Internal Server Error in 2ms (ActiveRecord: 0.0ms | Allocations: 895)


  
NoMethodError (undefined method `find_by' for Api::V1::User:Module):
  
app/controllers/api/v1/user/registrations_controller.rb:6:in `create'
Started POST "/api/v1/users" for ::1 at 2019-10-19 17:42:48 +0530
  [1m[35m (0.9ms)[0m  [1m[34mSELECT "schema_migrations"."version" FROM "schema_migrations" ORDER BY "schema_migrations"."version" ASC[0m
Processing by Api::V1::User::RegistrationsController#create as */*
  Parameters: {"email"=>"naveen123@gmail.com", "password"=>"[FILTERED]", "registration"=>{"email"=>"naveen123@gmail.com", "password"=>"[FILTERED]"}}
Completed 500 Internal Server Error in 3ms (ActiveRecord: 0.0ms | Allocations: 938)


  
NoMethodError (undefined method `find_by' for Api::V1::User:Module):
  
app/controllers/api/v1/user/registrations_controller.rb:6:in `create'
Started POST "/api/v1/users" for ::1 at 2019-10-19 17:51:39 +0530
Error occurred while parsing request parameters.
Contents:

{
	 "user"{
	 	"email":"mohit@gmail.com",
	 	 "password": "123"
	 }
	 
}
  
ActionDispatch::Http::Parameters::ParseError (767: unexpected token at '{
	 "user"{
	 	"email":"mohit@gmail.com",
	 	 "password": "123"
	 }
	 
}'):
  
actionpack (6.0.0) lib/action_dispatch/http/parameters.rb:115:in `rescue in parse_formatted_parameters'
actionpack (6.0.0) lib/action_dispatch/http/parameters.rb:111:in `parse_formatted_parameters'
actionpack (6.0.0) lib/action_dispatch/http/request.rb:381:in `block in POST'
rack (2.0.7) lib/rack/request.rb:59:in `fetch'
rack (2.0.7) lib/rack/request.rb:59:in `fetch_header'
actionpack (6.0.0) lib/action_dispatch/http/request.rb:380:in `POST'
actionpack (6.0.0) lib/action_dispatch/http/parameters.rb:55:in `parameters'
actionpack (6.0.0) lib/action_controller/metal/params_wrapper.rb:279:in `_wrapper_enabled?'
actionpack (6.0.0) lib/action_controller/metal/params_wrapper.rb:244:in `process_action'
activerecord (6.0.0) lib/active_record/railties/controller_runtime.rb:27:in `process_action'
actionpack (6.0.0) lib/abstract_controller/base.rb:136:in `process'
actionpack (6.0.0) lib/action_controller/metal.rb:191:in `dispatch'
actionpack (6.0.0) lib/action_controller/metal.rb:252:in `dispatch'
actionpack (6.0.0) lib/action_dispatch/routing/route_set.rb:51:in `dispatch'
actionpack (6.0.0) lib/action_dispatch/routing/route_set.rb:33:in `serve'
actionpack (6.0.0) lib/action_dispatch/routing/mapper.rb:18:in `block in <class:Constraints>'
actionpack (6.0.0) lib/action_dispatch/routing/mapper.rb:48:in `serve'
actionpack (6.0.0) lib/action_dispatch/journey/router.rb:49:in `block in serve'
actionpack (6.0.0) lib/action_dispatch/journey/router.rb:32:in `each'
actionpack (6.0.0) lib/action_dispatch/journey/router.rb:32:in `serve'
actionpack (6.0.0) lib/action_dispatch/routing/route_set.rb:837:in `call'
warden (1.2.8) lib/warden/manager.rb:36:in `block in call'
warden (1.2.8) lib/warden/manager.rb:34:in `catch'
warden (1.2.8) lib/warden/manager.rb:34:in `call'
rack (2.0.7) lib/rack/etag.rb:25:in `call'
rack (2.0.7) lib/rack/conditional_get.rb:38:in `call'
rack (2.0.7) lib/rack/head.rb:12:in `call'
activerecord (6.0.0) lib/active_record/migration.rb:567:in `call'
actionpack (6.0.0) lib/action_dispatch/middleware/callbacks.rb:27:in `block in call'
activesupport (6.0.0) lib/active_support/callbacks.rb:101:in `run_callbacks'
actionpack (6.0.0) lib/action_dispatch/middleware/callbacks.rb:26:in `call'
actionpack (6.0.0) lib/action_dispatch/middleware/executor.rb:14:in `call'
actionpack (6.0.0) lib/action_dispatch/middleware/actionable_exceptions.rb:17:in `call'
actionpack (6.0.0) lib/action_dispatch/middleware/debug_exceptions.rb:32:in `call'
actionpack (6.0.0) lib/action_dispatch/middleware/show_exceptions.rb:33:in `call'
railties (6.0.0) lib/rails/rack/logger.rb:38:in `call_app'
railties (6.0.0) lib/rails/rack/logger.rb:26:in `block in call'
activesupport (6.0.0) lib/active_support/tagged_logging.rb:80:in `block in tagged'
activesupport (6.0.0) lib/active_support/tagged_logging.rb:28:in `tagged'
activesupport (6.0.0) lib/active_support/tagged_logging.rb:80:in `tagged'
railties (6.0.0) lib/rails/rack/logger.rb:26:in `call'
actionpack (6.0.0) lib/action_dispatch/middleware/remote_ip.rb:81:in `call'
actionpack (6.0.0) lib/action_dispatch/middleware/request_id.rb:27:in `call'
rack (2.0.7) lib/rack/runtime.rb:22:in `call'
activesupport (6.0.0) lib/active_support/cache/strategy/local_cache_middleware.rb:29:in `call'
actionpack (6.0.0) lib/action_dispatch/middleware/executor.rb:14:in `call'
actionpack (6.0.0) lib/action_dispatch/middleware/static.rb:126:in `call'
rack (2.0.7) lib/rack/sendfile.rb:111:in `call'
actionpack (6.0.0) lib/action_dispatch/middleware/host_authorization.rb:83:in `call'
railties (6.0.0) lib/rails/engine.rb:526:in `call'
puma (3.12.1) lib/puma/configuration.rb:227:in `call'
puma (3.12.1) lib/puma/server.rb:660:in `handle_request'
puma (3.12.1) lib/puma/server.rb:474:in `process_client'
puma (3.12.1) lib/puma/server.rb:334:in `block in run'
puma (3.12.1) lib/puma/thread_pool.rb:135:in `block in spawn_thread'
Error occurred while parsing request parameters.
Contents:

{
	 "user"{
	 	"email":"mohit@gmail.com",
	 	 "password": "123"
	 }
	 
}
Started POST "/api/v1/users" for ::1 at 2019-10-19 17:52:28 +0530
Error occurred while parsing request parameters.
Contents:

{
	 "user"{
	 	"email":"mohit@gmail.com",
	 	 "password": "123"
	 }
	 
}
  
ActionDispatch::Http::Parameters::ParseError (767: unexpected token at '{
	 "user"{
	 	"email":"mohit@gmail.com",
	 	 "password": "123"
	 }
	 
}'):
  
actionpack (6.0.0) lib/action_dispatch/http/parameters.rb:115:in `rescue in parse_formatted_parameters'
actionpack (6.0.0) lib/action_dispatch/http/parameters.rb:111:in `parse_formatted_parameters'
actionpack (6.0.0) lib/action_dispatch/http/request.rb:381:in `block in POST'
rack (2.0.7) lib/rack/request.rb:59:in `fetch'
rack (2.0.7) lib/rack/request.rb:59:in `fetch_header'
actionpack (6.0.0) lib/action_dispatch/http/request.rb:380:in `POST'
actionpack (6.0.0) lib/action_dispatch/http/parameters.rb:55:in `parameters'
actionpack (6.0.0) lib/action_controller/metal/params_wrapper.rb:279:in `_wrapper_enabled?'
actionpack (6.0.0) lib/action_controller/metal/params_wrapper.rb:244:in `process_action'
activerecord (6.0.0) lib/active_record/railties/controller_runtime.rb:27:in `process_action'
actionpack (6.0.0) lib/abstract_controller/base.rb:136:in `process'
actionpack (6.0.0) lib/action_controller/metal.rb:191:in `dispatch'
actionpack (6.0.0) lib/action_controller/metal.rb:252:in `dispatch'
actionpack (6.0.0) lib/action_dispatch/routing/route_set.rb:51:in `dispatch'
actionpack (6.0.0) lib/action_dispatch/routing/route_set.rb:33:in `serve'
actionpack (6.0.0) lib/action_dispatch/routing/mapper.rb:18:in `block in <class:Constraints>'
actionpack (6.0.0) lib/action_dispatch/routing/mapper.rb:48:in `serve'
actionpack (6.0.0) lib/action_dispatch/journey/router.rb:49:in `block in serve'
actionpack (6.0.0) lib/action_dispatch/journey/router.rb:32:in `each'
actionpack (6.0.0) lib/action_dispatch/journey/router.rb:32:in `serve'
actionpack (6.0.0) lib/action_dispatch/routing/route_set.rb:837:in `call'
warden (1.2.8) lib/warden/manager.rb:36:in `block in call'
warden (1.2.8) lib/warden/manager.rb:34:in `catch'
warden (1.2.8) lib/warden/manager.rb:34:in `call'
rack (2.0.7) lib/rack/etag.rb:25:in `call'
rack (2.0.7) lib/rack/conditional_get.rb:38:in `call'
rack (2.0.7) lib/rack/head.rb:12:in `call'
activerecord (6.0.0) lib/active_record/migration.rb:567:in `call'
actionpack (6.0.0) lib/action_dispatch/middleware/callbacks.rb:27:in `block in call'
activesupport (6.0.0) lib/active_support/callbacks.rb:101:in `run_callbacks'
actionpack (6.0.0) lib/action_dispatch/middleware/callbacks.rb:26:in `call'
actionpack (6.0.0) lib/action_dispatch/middleware/executor.rb:14:in `call'
actionpack (6.0.0) lib/action_dispatch/middleware/actionable_exceptions.rb:17:in `call'
actionpack (6.0.0) lib/action_dispatch/middleware/debug_exceptions.rb:32:in `call'
actionpack (6.0.0) lib/action_dispatch/middleware/show_exceptions.rb:33:in `call'
railties (6.0.0) lib/rails/rack/logger.rb:38:in `call_app'
railties (6.0.0) lib/rails/rack/logger.rb:26:in `block in call'
activesupport (6.0.0) lib/active_support/tagged_logging.rb:80:in `block in tagged'
activesupport (6.0.0) lib/active_support/tagged_logging.rb:28:in `tagged'
activesupport (6.0.0) lib/active_support/tagged_logging.rb:80:in `tagged'
railties (6.0.0) lib/rails/rack/logger.rb:26:in `call'
actionpack (6.0.0) lib/action_dispatch/middleware/remote_ip.rb:81:in `call'
actionpack (6.0.0) lib/action_dispatch/middleware/request_id.rb:27:in `call'
rack (2.0.7) lib/rack/runtime.rb:22:in `call'
activesupport (6.0.0) lib/active_support/cache/strategy/local_cache_middleware.rb:29:in `call'
actionpack (6.0.0) lib/action_dispatch/middleware/executor.rb:14:in `call'
actionpack (6.0.0) lib/action_dispatch/middleware/static.rb:126:in `call'
rack (2.0.7) lib/rack/sendfile.rb:111:in `call'
actionpack (6.0.0) lib/action_dispatch/middleware/host_authorization.rb:83:in `call'
railties (6.0.0) lib/rails/engine.rb:526:in `call'
puma (3.12.1) lib/puma/configuration.rb:227:in `call'
puma (3.12.1) lib/puma/server.rb:660:in `handle_request'
puma (3.12.1) lib/puma/server.rb:474:in `process_client'
puma (3.12.1) lib/puma/server.rb:334:in `block in run'
puma (3.12.1) lib/puma/thread_pool.rb:135:in `block in spawn_thread'
Error occurred while parsing request parameters.
Contents:

{
	 "user"{
	 	"email":"mohit@gmail.com",
	 	 "password": "123"
	 }
	 
}
Started POST "/api/v1/users" for ::1 at 2019-10-19 17:57:04 +0530
  
SyntaxError (/home/beryl/myarticles/app/controllers/api/v1/user/registrations_controller.rb:28: syntax error, unexpected end-of-input, expecting end):
  
app/controllers/api/v1/user/registrations_controller.rb:28: syntax error, unexpected end-of-input, expecting end
app/controllers/api/v1/user/registrations_controller.rb:28: syntax error, unexpected end-of-input, expecting end
Error occurred while parsing request parameters.
Contents:

{
	 "user"{
	 	"email":"mohit123@gmail.com",
	 	 "password": "123"
	 }
	 
}
Started POST "/api/v1/users" for ::1 at 2019-10-19 17:57:29 +0530
  
SyntaxError (/home/beryl/myarticles/app/controllers/api/v1/user/registrations_controller.rb:27: syntax error, unexpected end-of-input, expecting end):
  
app/controllers/api/v1/user/registrations_controller.rb:27: syntax error, unexpected end-of-input, expecting end
app/controllers/api/v1/user/registrations_controller.rb:27: syntax error, unexpected end-of-input, expecting end
Error occurred while parsing request parameters.
Contents:

{
	 "user"{
	 	"email":"mohit123@gmail.com",
	 	 "password": "123"
	 }
	 
}
Started POST "/api/v1/users" for ::1 at 2019-10-19 17:57:50 +0530
Error occurred while parsing request parameters.
Contents:

{
	 "user"{
	 	"email":"mohit123@gmail.com",
	 	 "password": "123"
	 }
	 
}
  
ActionDispatch::Http::Parameters::ParseError (767: unexpected token at '{
	 "user"{
	 	"email":"mohit123@gmail.com",
	 	 "password": "123"
	 }
	 
}'):
  
actionpack (6.0.0) lib/action_dispatch/http/parameters.rb:115:in `rescue in parse_formatted_parameters'
actionpack (6.0.0) lib/action_dispatch/http/parameters.rb:111:in `parse_formatted_parameters'
actionpack (6.0.0) lib/action_dispatch/http/request.rb:381:in `block in POST'
rack (2.0.7) lib/rack/request.rb:59:in `fetch'
rack (2.0.7) lib/rack/request.rb:59:in `fetch_header'
actionpack (6.0.0) lib/action_dispatch/http/request.rb:380:in `POST'
actionpack (6.0.0) lib/action_dispatch/http/parameters.rb:55:in `parameters'
actionpack (6.0.0) lib/action_controller/metal/params_wrapper.rb:279:in `_wrapper_enabled?'
actionpack (6.0.0) lib/action_controller/metal/params_wrapper.rb:244:in `process_action'
activerecord (6.0.0) lib/active_record/railties/controller_runtime.rb:27:in `process_action'
actionpack (6.0.0) lib/abstract_controller/base.rb:136:in `process'
actionpack (6.0.0) lib/action_controller/metal.rb:191:in `dispatch'
actionpack (6.0.0) lib/action_controller/metal.rb:252:in `dispatch'
actionpack (6.0.0) lib/action_dispatch/routing/route_set.rb:51:in `dispatch'
actionpack (6.0.0) lib/action_dispatch/routing/route_set.rb:33:in `serve'
actionpack (6.0.0) lib/action_dispatch/routing/mapper.rb:18:in `block in <class:Constraints>'
actionpack (6.0.0) lib/action_dispatch/routing/mapper.rb:48:in `serve'
actionpack (6.0.0) lib/action_dispatch/journey/router.rb:49:in `block in serve'
actionpack (6.0.0) lib/action_dispatch/journey/router.rb:32:in `each'
actionpack (6.0.0) lib/action_dispatch/journey/router.rb:32:in `serve'
actionpack (6.0.0) lib/action_dispatch/routing/route_set.rb:837:in `call'
warden (1.2.8) lib/warden/manager.rb:36:in `block in call'
warden (1.2.8) lib/warden/manager.rb:34:in `catch'
warden (1.2.8) lib/warden/manager.rb:34:in `call'
rack (2.0.7) lib/rack/etag.rb:25:in `call'
rack (2.0.7) lib/rack/conditional_get.rb:38:in `call'
rack (2.0.7) lib/rack/head.rb:12:in `call'
activerecord (6.0.0) lib/active_record/migration.rb:567:in `call'
actionpack (6.0.0) lib/action_dispatch/middleware/callbacks.rb:27:in `block in call'
activesupport (6.0.0) lib/active_support/callbacks.rb:101:in `run_callbacks'
actionpack (6.0.0) lib/action_dispatch/middleware/callbacks.rb:26:in `call'
actionpack (6.0.0) lib/action_dispatch/middleware/executor.rb:14:in `call'
actionpack (6.0.0) lib/action_dispatch/middleware/actionable_exceptions.rb:17:in `call'
actionpack (6.0.0) lib/action_dispatch/middleware/debug_exceptions.rb:32:in `call'
actionpack (6.0.0) lib/action_dispatch/middleware/show_exceptions.rb:33:in `call'
railties (6.0.0) lib/rails/rack/logger.rb:38:in `call_app'
railties (6.0.0) lib/rails/rack/logger.rb:26:in `block in call'
activesupport (6.0.0) lib/active_support/tagged_logging.rb:80:in `block in tagged'
activesupport (6.0.0) lib/active_support/tagged_logging.rb:28:in `tagged'
activesupport (6.0.0) lib/active_support/tagged_logging.rb:80:in `tagged'
railties (6.0.0) lib/rails/rack/logger.rb:26:in `call'
actionpack (6.0.0) lib/action_dispatch/middleware/remote_ip.rb:81:in `call'
actionpack (6.0.0) lib/action_dispatch/middleware/request_id.rb:27:in `call'
rack (2.0.7) lib/rack/runtime.rb:22:in `call'
activesupport (6.0.0) lib/active_support/cache/strategy/local_cache_middleware.rb:29:in `call'
actionpack (6.0.0) lib/action_dispatch/middleware/executor.rb:14:in `call'
actionpack (6.0.0) lib/action_dispatch/middleware/static.rb:126:in `call'
rack (2.0.7) lib/rack/sendfile.rb:111:in `call'
actionpack (6.0.0) lib/action_dispatch/middleware/host_authorization.rb:83:in `call'
railties (6.0.0) lib/rails/engine.rb:526:in `call'
puma (3.12.1) lib/puma/configuration.rb:227:in `call'
puma (3.12.1) lib/puma/server.rb:660:in `handle_request'
puma (3.12.1) lib/puma/server.rb:474:in `process_client'
puma (3.12.1) lib/puma/server.rb:334:in `block in run'
puma (3.12.1) lib/puma/thread_pool.rb:135:in `block in spawn_thread'
Error occurred while parsing request parameters.
Contents:

{
	 "user"{
	 	"email":"mohit123@gmail.com",
	 	 "password": "123"
	 }
	 
}
Started POST "/api/v1/users" for ::1 at 2019-10-19 17:58:14 +0530
Processing by Api::V1::User::RegistrationsController#create as */*
  Parameters: {"email"=>"mohit123@gmail.com", "password"=>"[FILTERED]", "registration"=>{"email"=>"mohit123@gmail.com", "password"=>"[FILTERED]"}}
Completed 400 Bad Request in 0ms (ActiveRecord: 0.0ms | Allocations: 309)


  
ActionController::ParameterMissing (param is missing or the value is empty: user):
  
app/controllers/api/v1/user/registrations_controller.rb:24:in `user_params'
app/controllers/api/v1/user/registrations_controller.rb:16:in `create'
Started POST "/api/v1/users" for ::1 at 2019-10-19 17:59:23 +0530
Processing by Api::V1::User::RegistrationsController#create as */*
  Parameters: {"email"=>"hey@gmail.com", "password"=>"[FILTERED]", "registration"=>{"email"=>"hey@gmail.com", "password"=>"[FILTERED]"}}
Completed 400 Bad Request in 0ms (ActiveRecord: 0.0ms | Allocations: 200)


  
ActionController::ParameterMissing (param is missing or the value is empty: user):
  
app/controllers/api/v1/user/registrations_controller.rb:24:in `user_params'
app/controllers/api/v1/user/registrations_controller.rb:16:in `create'
Started POST "/api/v1/users" for ::1 at 2019-10-19 18:01:52 +0530
Processing by Api::V1::User::RegistrationsController#create as */*
  Parameters: {"user"=>{"email"=>"hey@gmail.com", "password"=>"[FILTERED]"}, "registration"=>{"user"=>{"email"=>"hey@gmail.com", "password"=>"[FILTERED]"}}}
Completed 500 Internal Server Error in 1ms (ActiveRecord: 0.0ms | Allocations: 944)


  
NoMethodError (undefined method `new' for Api::V1::User:Module):
  
app/controllers/api/v1/user/registrations_controller.rb:16:in `create'
Started GET "/api/v1/articles/" for ::1 at 2019-10-21 09:58:58 +0530
  [1m[35m (16.5ms)[0m  [1m[34mSELECT "schema_migrations"."version" FROM "schema_migrations" ORDER BY "schema_migrations"."version" ASC[0m
Processing by Api::V1::ArticlesController#index as */*
  Parameters: {"user"=>{"email"=>"hey@gmail.com", "password"=>"[FILTERED]"}, "article"=>{}}
  [1m[36mArticle Load (48.9ms)[0m  [1m[34mSELECT "articles".* FROM "articles"[0m
  ↳ app/controllers/api/v1/articles_controller.rb:6:in `index'
[active_model_serializers]   [1m[36mPerson Load (50.5ms)[0m  [1m[34mSELECT "people".* FROM "people" WHERE "people"."id" = $1 LIMIT $2[0m  [["id", 1], ["LIMIT", 1]]
[active_model_serializers]   ↳ app/serializers/article_serializer.rb:7:in `attributes'
[active_model_serializers]   [1m[36mPerson Load (0.4ms)[0m  [1m[34mSELECT "people".* FROM "people" WHERE "people"."id" = $1 LIMIT $2[0m  [["id", 2], ["LIMIT", 1]]
[active_model_serializers]   ↳ app/serializers/article_serializer.rb:7:in `attributes'
[active_model_serializers]   [1m[36mCACHE Person Load (0.0ms)[0m  [1m[34mSELECT "people".* FROM "people" WHERE "people"."id" = $1 LIMIT $2[0m  [["id", 1], ["LIMIT", 1]]
[active_model_serializers]   ↳ app/serializers/article_serializer.rb:7:in `attributes'
[active_model_serializers] Rendered ActiveModel::Serializer::CollectionSerializer with ActiveModelSerializers::Adapter::JsonApi (112.93ms)
Completed 200 OK in 266ms (Views: 119.9ms | ActiveRecord: 198.2ms | Allocations: 14662)


Started GET "/api/v1/users/" for ::1 at 2019-10-21 10:00:08 +0530
  
ActionController::RoutingError (No route matches [GET] "/api/v1/users"):
  
actionpack (6.0.0) lib/action_dispatch/middleware/debug_exceptions.rb:36:in `call'
actionpack (6.0.0) lib/action_dispatch/middleware/show_exceptions.rb:33:in `call'
railties (6.0.0) lib/rails/rack/logger.rb:38:in `call_app'
railties (6.0.0) lib/rails/rack/logger.rb:26:in `block in call'
activesupport (6.0.0) lib/active_support/tagged_logging.rb:80:in `block in tagged'
activesupport (6.0.0) lib/active_support/tagged_logging.rb:28:in `tagged'
activesupport (6.0.0) lib/active_support/tagged_logging.rb:80:in `tagged'
railties (6.0.0) lib/rails/rack/logger.rb:26:in `call'
actionpack (6.0.0) lib/action_dispatch/middleware/remote_ip.rb:81:in `call'
actionpack (6.0.0) lib/action_dispatch/middleware/request_id.rb:27:in `call'
rack (2.0.7) lib/rack/runtime.rb:22:in `call'
activesupport (6.0.0) lib/active_support/cache/strategy/local_cache_middleware.rb:29:in `call'
actionpack (6.0.0) lib/action_dispatch/middleware/executor.rb:14:in `call'
actionpack (6.0.0) lib/action_dispatch/middleware/static.rb:126:in `call'
rack (2.0.7) lib/rack/sendfile.rb:111:in `call'
actionpack (6.0.0) lib/action_dispatch/middleware/host_authorization.rb:83:in `call'
railties (6.0.0) lib/rails/engine.rb:526:in `call'
puma (3.12.1) lib/puma/configuration.rb:227:in `call'
puma (3.12.1) lib/puma/server.rb:660:in `handle_request'
puma (3.12.1) lib/puma/server.rb:474:in `process_client'
puma (3.12.1) lib/puma/server.rb:334:in `block in run'
puma (3.12.1) lib/puma/thread_pool.rb:135:in `block in spawn_thread'
Started GET "/api/v1/users/registrations" for ::1 at 2019-10-21 10:00:49 +0530
  
ActionController::RoutingError (No route matches [GET] "/api/v1/users/registrations"):
  
actionpack (6.0.0) lib/action_dispatch/middleware/debug_exceptions.rb:36:in `call'
actionpack (6.0.0) lib/action_dispatch/middleware/show_exceptions.rb:33:in `call'
railties (6.0.0) lib/rails/rack/logger.rb:38:in `call_app'
railties (6.0.0) lib/rails/rack/logger.rb:26:in `block in call'
activesupport (6.0.0) lib/active_support/tagged_logging.rb:80:in `block in tagged'
activesupport (6.0.0) lib/active_support/tagged_logging.rb:28:in `tagged'
activesupport (6.0.0) lib/active_support/tagged_logging.rb:80:in `tagged'
railties (6.0.0) lib/rails/rack/logger.rb:26:in `call'
actionpack (6.0.0) lib/action_dispatch/middleware/remote_ip.rb:81:in `call'
actionpack (6.0.0) lib/action_dispatch/middleware/request_id.rb:27:in `call'
rack (2.0.7) lib/rack/runtime.rb:22:in `call'
activesupport (6.0.0) lib/active_support/cache/strategy/local_cache_middleware.rb:29:in `call'
actionpack (6.0.0) lib/action_dispatch/middleware/executor.rb:14:in `call'
actionpack (6.0.0) lib/action_dispatch/middleware/static.rb:126:in `call'
rack (2.0.7) lib/rack/sendfile.rb:111:in `call'
actionpack (6.0.0) lib/action_dispatch/middleware/host_authorization.rb:83:in `call'
railties (6.0.0) lib/rails/engine.rb:526:in `call'
puma (3.12.1) lib/puma/configuration.rb:227:in `call'
puma (3.12.1) lib/puma/server.rb:660:in `handle_request'
puma (3.12.1) lib/puma/server.rb:474:in `process_client'
puma (3.12.1) lib/puma/server.rb:334:in `block in run'
puma (3.12.1) lib/puma/thread_pool.rb:135:in `block in spawn_thread'
Started GET "/api/v1/user/" for ::1 at 2019-10-21 10:00:58 +0530
  
ActionController::RoutingError (No route matches [GET] "/api/v1/user"):
  
actionpack (6.0.0) lib/action_dispatch/middleware/debug_exceptions.rb:36:in `call'
actionpack (6.0.0) lib/action_dispatch/middleware/show_exceptions.rb:33:in `call'
railties (6.0.0) lib/rails/rack/logger.rb:38:in `call_app'
railties (6.0.0) lib/rails/rack/logger.rb:26:in `block in call'
activesupport (6.0.0) lib/active_support/tagged_logging.rb:80:in `block in tagged'
activesupport (6.0.0) lib/active_support/tagged_logging.rb:28:in `tagged'
activesupport (6.0.0) lib/active_support/tagged_logging.rb:80:in `tagged'
railties (6.0.0) lib/rails/rack/logger.rb:26:in `call'
actionpack (6.0.0) lib/action_dispatch/middleware/remote_ip.rb:81:in `call'
actionpack (6.0.0) lib/action_dispatch/middleware/request_id.rb:27:in `call'
rack (2.0.7) lib/rack/runtime.rb:22:in `call'
activesupport (6.0.0) lib/active_support/cache/strategy/local_cache_middleware.rb:29:in `call'
actionpack (6.0.0) lib/action_dispatch/middleware/executor.rb:14:in `call'
actionpack (6.0.0) lib/action_dispatch/middleware/static.rb:126:in `call'
rack (2.0.7) lib/rack/sendfile.rb:111:in `call'
actionpack (6.0.0) lib/action_dispatch/middleware/host_authorization.rb:83:in `call'
railties (6.0.0) lib/rails/engine.rb:526:in `call'
puma (3.12.1) lib/puma/configuration.rb:227:in `call'
puma (3.12.1) lib/puma/server.rb:660:in `handle_request'
puma (3.12.1) lib/puma/server.rb:474:in `process_client'
puma (3.12.1) lib/puma/server.rb:334:in `block in run'
puma (3.12.1) lib/puma/thread_pool.rb:135:in `block in spawn_thread'
Started GET "/api/v1/users" for ::1 at 2019-10-21 10:01:34 +0530
  
ActionController::RoutingError (No route matches [GET] "/api/v1/users"):
  
actionpack (6.0.0) lib/action_dispatch/middleware/debug_exceptions.rb:36:in `call'
actionpack (6.0.0) lib/action_dispatch/middleware/show_exceptions.rb:33:in `call'
railties (6.0.0) lib/rails/rack/logger.rb:38:in `call_app'
railties (6.0.0) lib/rails/rack/logger.rb:26:in `block in call'
activesupport (6.0.0) lib/active_support/tagged_logging.rb:80:in `block in tagged'
activesupport (6.0.0) lib/active_support/tagged_logging.rb:28:in `tagged'
activesupport (6.0.0) lib/active_support/tagged_logging.rb:80:in `tagged'
railties (6.0.0) lib/rails/rack/logger.rb:26:in `call'
actionpack (6.0.0) lib/action_dispatch/middleware/remote_ip.rb:81:in `call'
actionpack (6.0.0) lib/action_dispatch/middleware/request_id.rb:27:in `call'
rack (2.0.7) lib/rack/runtime.rb:22:in `call'
activesupport (6.0.0) lib/active_support/cache/strategy/local_cache_middleware.rb:29:in `call'
actionpack (6.0.0) lib/action_dispatch/middleware/executor.rb:14:in `call'
actionpack (6.0.0) lib/action_dispatch/middleware/static.rb:126:in `call'
rack (2.0.7) lib/rack/sendfile.rb:111:in `call'
actionpack (6.0.0) lib/action_dispatch/middleware/host_authorization.rb:83:in `call'
railties (6.0.0) lib/rails/engine.rb:526:in `call'
puma (3.12.1) lib/puma/configuration.rb:227:in `call'
puma (3.12.1) lib/puma/server.rb:660:in `handle_request'
puma (3.12.1) lib/puma/server.rb:474:in `process_client'
puma (3.12.1) lib/puma/server.rb:334:in `block in run'
puma (3.12.1) lib/puma/thread_pool.rb:135:in `block in spawn_thread'
Started POST "/api/v1/users" for ::1 at 2019-10-21 10:01:43 +0530
Processing by Api::V1::User::RegistrationsController#create as */*
  Parameters: {"user"=>{"email"=>"hey@gmail.com", "password"=>"[FILTERED]"}, "registration"=>{"user"=>{"email"=>"hey@gmail.com", "password"=>"[FILTERED]"}}}
Completed 500 Internal Server Error in 5ms (ActiveRecord: 0.0ms | Allocations: 928)


  
NoMethodError (undefined method `find_by' for Api::V1::User:Module):
  
app/controllers/api/v1/user/registrations_controller.rb:6:in `create'
Started POST "/api/v1/users" for ::1 at 2019-10-21 10:01:53 +0530
Processing by Api::V1::User::RegistrationsController#create as */*
  Parameters: {"user"=>{"email"=>"hey@gmail.com", "password"=>"[FILTERED]"}, "registration"=>{"user"=>{"email"=>"hey@gmail.com", "password"=>"[FILTERED]"}}}
Completed 500 Internal Server Error in 1ms (ActiveRecord: 0.0ms | Allocations: 798)


  
NoMethodError (undefined method `find_by' for Api::V1::User:Module):
  
app/controllers/api/v1/user/registrations_controller.rb:6:in `create'
  [1m[36mUser Load (70.5ms)[0m  [1m[34mSELECT "users".* FROM "users" LIMIT $1[0m  [["LIMIT", 11]]
Started GET "/api/v1/users/1" for ::1 at 2019-10-21 10:03:13 +0530
  
ActionController::RoutingError (No route matches [GET] "/api/v1/users/1"):
  
actionpack (6.0.0) lib/action_dispatch/middleware/debug_exceptions.rb:36:in `call'
actionpack (6.0.0) lib/action_dispatch/middleware/show_exceptions.rb:33:in `call'
railties (6.0.0) lib/rails/rack/logger.rb:38:in `call_app'
railties (6.0.0) lib/rails/rack/logger.rb:26:in `block in call'
activesupport (6.0.0) lib/active_support/tagged_logging.rb:80:in `block in tagged'
activesupport (6.0.0) lib/active_support/tagged_logging.rb:28:in `tagged'
activesupport (6.0.0) lib/active_support/tagged_logging.rb:80:in `tagged'
railties (6.0.0) lib/rails/rack/logger.rb:26:in `call'
actionpack (6.0.0) lib/action_dispatch/middleware/remote_ip.rb:81:in `call'
actionpack (6.0.0) lib/action_dispatch/middleware/request_id.rb:27:in `call'
rack (2.0.7) lib/rack/runtime.rb:22:in `call'
activesupport (6.0.0) lib/active_support/cache/strategy/local_cache_middleware.rb:29:in `call'
actionpack (6.0.0) lib/action_dispatch/middleware/executor.rb:14:in `call'
actionpack (6.0.0) lib/action_dispatch/middleware/static.rb:126:in `call'
rack (2.0.7) lib/rack/sendfile.rb:111:in `call'
actionpack (6.0.0) lib/action_dispatch/middleware/host_authorization.rb:83:in `call'
railties (6.0.0) lib/rails/engine.rb:526:in `call'
puma (3.12.1) lib/puma/configuration.rb:227:in `call'
puma (3.12.1) lib/puma/server.rb:660:in `handle_request'
puma (3.12.1) lib/puma/server.rb:474:in `process_client'
puma (3.12.1) lib/puma/server.rb:334:in `block in run'
puma (3.12.1) lib/puma/thread_pool.rb:135:in `block in spawn_thread'
Started GET "/api/v1/user/1" for ::1 at 2019-10-21 10:04:03 +0530
  
ActionController::RoutingError (No route matches [GET] "/api/v1/user/1"):
  
actionpack (6.0.0) lib/action_dispatch/middleware/debug_exceptions.rb:36:in `call'
actionpack (6.0.0) lib/action_dispatch/middleware/show_exceptions.rb:33:in `call'
railties (6.0.0) lib/rails/rack/logger.rb:38:in `call_app'
railties (6.0.0) lib/rails/rack/logger.rb:26:in `block in call'
activesupport (6.0.0) lib/active_support/tagged_logging.rb:80:in `block in tagged'
activesupport (6.0.0) lib/active_support/tagged_logging.rb:28:in `tagged'
activesupport (6.0.0) lib/active_support/tagged_logging.rb:80:in `tagged'
railties (6.0.0) lib/rails/rack/logger.rb:26:in `call'
actionpack (6.0.0) lib/action_dispatch/middleware/remote_ip.rb:81:in `call'
actionpack (6.0.0) lib/action_dispatch/middleware/request_id.rb:27:in `call'
rack (2.0.7) lib/rack/runtime.rb:22:in `call'
activesupport (6.0.0) lib/active_support/cache/strategy/local_cache_middleware.rb:29:in `call'
actionpack (6.0.0) lib/action_dispatch/middleware/executor.rb:14:in `call'
actionpack (6.0.0) lib/action_dispatch/middleware/static.rb:126:in `call'
rack (2.0.7) lib/rack/sendfile.rb:111:in `call'
actionpack (6.0.0) lib/action_dispatch/middleware/host_authorization.rb:83:in `call'
railties (6.0.0) lib/rails/engine.rb:526:in `call'
puma (3.12.1) lib/puma/configuration.rb:227:in `call'
puma (3.12.1) lib/puma/server.rb:660:in `handle_request'
puma (3.12.1) lib/puma/server.rb:474:in `process_client'
puma (3.12.1) lib/puma/server.rb:334:in `block in run'
puma (3.12.1) lib/puma/thread_pool.rb:135:in `block in spawn_thread'
Started GET "/api/v1/users/1" for ::1 at 2019-10-21 10:05:23 +0530
  
ActionController::RoutingError (No route matches [GET] "/api/v1/users/1"):
  
actionpack (6.0.0) lib/action_dispatch/middleware/debug_exceptions.rb:36:in `call'
actionpack (6.0.0) lib/action_dispatch/middleware/show_exceptions.rb:33:in `call'
railties (6.0.0) lib/rails/rack/logger.rb:38:in `call_app'
railties (6.0.0) lib/rails/rack/logger.rb:26:in `block in call'
activesupport (6.0.0) lib/active_support/tagged_logging.rb:80:in `block in tagged'
activesupport (6.0.0) lib/active_support/tagged_logging.rb:28:in `tagged'
activesupport (6.0.0) lib/active_support/tagged_logging.rb:80:in `tagged'
railties (6.0.0) lib/rails/rack/logger.rb:26:in `call'
actionpack (6.0.0) lib/action_dispatch/middleware/remote_ip.rb:81:in `call'
actionpack (6.0.0) lib/action_dispatch/middleware/request_id.rb:27:in `call'
rack (2.0.7) lib/rack/runtime.rb:22:in `call'
activesupport (6.0.0) lib/active_support/cache/strategy/local_cache_middleware.rb:29:in `call'
actionpack (6.0.0) lib/action_dispatch/middleware/executor.rb:14:in `call'
actionpack (6.0.0) lib/action_dispatch/middleware/static.rb:126:in `call'
rack (2.0.7) lib/rack/sendfile.rb:111:in `call'
actionpack (6.0.0) lib/action_dispatch/middleware/host_authorization.rb:83:in `call'
railties (6.0.0) lib/rails/engine.rb:526:in `call'
puma (3.12.1) lib/puma/configuration.rb:227:in `call'
puma (3.12.1) lib/puma/server.rb:660:in `handle_request'
puma (3.12.1) lib/puma/server.rb:474:in `process_client'
puma (3.12.1) lib/puma/server.rb:334:in `block in run'
puma (3.12.1) lib/puma/thread_pool.rb:135:in `block in spawn_thread'
Started GET "/api/v1/users" for ::1 at 2019-10-21 10:05:27 +0530
  
ActionController::RoutingError (No route matches [GET] "/api/v1/users"):
  
actionpack (6.0.0) lib/action_dispatch/middleware/debug_exceptions.rb:36:in `call'
actionpack (6.0.0) lib/action_dispatch/middleware/show_exceptions.rb:33:in `call'
railties (6.0.0) lib/rails/rack/logger.rb:38:in `call_app'
railties (6.0.0) lib/rails/rack/logger.rb:26:in `block in call'
activesupport (6.0.0) lib/active_support/tagged_logging.rb:80:in `block in tagged'
activesupport (6.0.0) lib/active_support/tagged_logging.rb:28:in `tagged'
activesupport (6.0.0) lib/active_support/tagged_logging.rb:80:in `tagged'
railties (6.0.0) lib/rails/rack/logger.rb:26:in `call'
actionpack (6.0.0) lib/action_dispatch/middleware/remote_ip.rb:81:in `call'
actionpack (6.0.0) lib/action_dispatch/middleware/request_id.rb:27:in `call'
rack (2.0.7) lib/rack/runtime.rb:22:in `call'
activesupport (6.0.0) lib/active_support/cache/strategy/local_cache_middleware.rb:29:in `call'
actionpack (6.0.0) lib/action_dispatch/middleware/executor.rb:14:in `call'
actionpack (6.0.0) lib/action_dispatch/middleware/static.rb:126:in `call'
rack (2.0.7) lib/rack/sendfile.rb:111:in `call'
actionpack (6.0.0) lib/action_dispatch/middleware/host_authorization.rb:83:in `call'
railties (6.0.0) lib/rails/engine.rb:526:in `call'
puma (3.12.1) lib/puma/configuration.rb:227:in `call'
puma (3.12.1) lib/puma/server.rb:660:in `handle_request'
puma (3.12.1) lib/puma/server.rb:474:in `process_client'
puma (3.12.1) lib/puma/server.rb:334:in `block in run'
puma (3.12.1) lib/puma/thread_pool.rb:135:in `block in spawn_thread'
Started POST "/api/v1/users" for ::1 at 2019-10-21 10:05:32 +0530
Processing by Api::V1::User::RegistrationsController#create as */*
  Parameters: {"user"=>{"email"=>"hey@gmail.com", "password"=>"[FILTERED]"}, "registration"=>{"user"=>{"email"=>"hey@gmail.com", "password"=>"[FILTERED]"}}}
Completed 500 Internal Server Error in 2ms (ActiveRecord: 0.0ms | Allocations: 905)


  
NoMethodError (undefined method `find_by' for Api::V1::User:Module):
  
app/controllers/api/v1/user/registrations_controller.rb:11:in `create'
Started POST "/api/v1/users" for ::1 at 2019-10-21 10:14:38 +0530
Processing by Api::V1::User::RegistrationsController#create as */*
  Parameters: {"user"=>{"email"=>"hey@gmail.com", "password"=>"[FILTERED]"}, "registration"=>{"user"=>{"email"=>"hey@gmail.com", "password"=>"[FILTERED]"}}}
Completed 500 Internal Server Error in 1ms (ActiveRecord: 0.0ms | Allocations: 795)


  
NoMethodError (undefined method `find_by' for Api::V1::User:Module):
  
app/controllers/api/v1/user/registrations_controller.rb:11:in `create'
Started POST "/api/v1/users" for ::1 at 2019-10-21 10:15:05 +0530
Processing by Api::V1::User::RegistrationsController#create as */*
  Parameters: {"user"=>{"email"=>"hey@gmail.com", "password"=>"[FILTERED]"}, "registration"=>{"user"=>{"email"=>"hey@gmail.com", "password"=>"[FILTERED]"}}}
Completed 500 Internal Server Error in 2ms (ActiveRecord: 0.0ms | Allocations: 907)


  
NoMethodError (undefined method `find_by' for Api::V1::User:Module):
  
app/controllers/api/v1/user/registrations_controller.rb:11:in `create'
Started POST "/api/v1/users" for ::1 at 2019-10-21 10:16:41 +0530
Processing by Api::V1::User::RegistrationsController#create as */*
  Parameters: {"user"=>{"email"=>"tarun@gmail.com", "password"=>"[FILTERED]"}}
Completed 500 Internal Server Error in 1ms (ActiveRecord: 0.0ms | Allocations: 785)


  
NoMethodError (undefined method `find_by' for Api::V1::User:Module):
  
app/controllers/api/v1/user/registrations_controller.rb:11:in `create'
Started POST "/api/v1/users" for ::1 at 2019-10-21 10:17:25 +0530
Processing by Api::V1::User::RegistrationsController#create as */*
  Parameters: {"user"=>{"email"=>"tarun@gmail.com", "password"=>"[FILTERED]"}}
Completed 500 Internal Server Error in 28727ms (ActiveRecord: 0.0ms | Allocations: 50592)


  
NoMethodError (undefined method `find_by' for Api::V1::User:Module):
  
app/controllers/api/v1/user/registrations_controller.rb:12:in `create'
Started POST "/api/v1/users" for 127.0.0.1 at 2019-10-21 10:18:13 +0530
  [1m[35m (0.5ms)[0m  [1m[34mSELECT "schema_migrations"."version" FROM "schema_migrations" ORDER BY "schema_migrations"."version" ASC[0m
Processing by Api::V1::User::RegistrationsController#create as */*
  Parameters: {"user"=>{"email"=>"tarun@gmail.com", "password"=>"[FILTERED]"}}
  [1m[36mArticle Load (1.0ms)[0m  [1m[34mSELECT "articles".* FROM "articles" LIMIT $1[0m  [["LIMIT", 11]]
  ↳ app/controllers/api/v1/user/registrations_controller.rb:12:in `create'
Completed 500 Internal Server Error in 28999ms (ActiveRecord: 11.8ms | Allocations: 39774)


  
NoMethodError (undefined method `find_by' for Api::V1::User:Module):
  
app/controllers/api/v1/user/registrations_controller.rb:12:in `create'
Started POST "/api/v1/users" for 127.0.0.1 at 2019-10-21 10:19:42 +0530
Processing by Api::V1::User::RegistrationsController#create as */*
  Parameters: {"user"=>{"email"=>"tarun@gmail.com", "password"=>"[FILTERED]"}}
  [1m[35m (0.3ms)[0m  [1m[35mBEGIN[0m
  ↳ app/controllers/api/v1/user/registrations_controller.rb:11:in `create'
  [1m[36mUser Exists? (1.0ms)[0m  [1m[34mSELECT 1 AS one FROM "users" WHERE "users"."email" = $1 LIMIT $2[0m  [["email", ""], ["LIMIT", 1]]
  ↳ app/controllers/api/v1/user/registrations_controller.rb:11:in `create'
  [1m[35m (0.3ms)[0m  [1m[31mROLLBACK[0m
  ↳ app/controllers/api/v1/user/registrations_controller.rb:11:in `create'
Completed 200 OK in 105ms (Views: 0.2ms | ActiveRecord: 6.0ms | Allocations: 11060)


  [1m[36mUser Load (0.4ms)[0m  [1m[34mSELECT "users".* FROM "users" LIMIT $1[0m  [["LIMIT", 11]]
Started POST "/api/v1/users" for 127.0.0.1 at 2019-10-21 10:23:32 +0530
Processing by Api::V1::User::RegistrationsController#create as */*
  Parameters: {"user"=>{"email"=>"tarun@gmail.com", "password"=>"[FILTERED]"}}
  [1m[35m (0.3ms)[0m  [1m[35mBEGIN[0m
  [1m[36mUser Exists? (0.5ms)[0m  [1m[34mSELECT 1 AS one FROM "users" WHERE "users"."email" = $1 LIMIT $2[0m  [["email", ""], ["LIMIT", 1]]
  [1m[35m (0.3ms)[0m  [1m[31mROLLBACK[0m
Completed 200 OK in 16ms (Views: 0.1ms | ActiveRecord: 4.2ms | Allocations: 9823)


Started POST "/api/v1/users" for 127.0.0.1 at 2019-10-21 10:23:44 +0530
Processing by Api::V1::User::RegistrationsController#create as */*
  Parameters: {"user"=>{"email"=>"tarun@gmail.com", "password"=>"[FILTERED]"}}
  [1m[35m (0.3ms)[0m  [1m[35mBEGIN[0m
  [1m[36mUser Exists? (0.3ms)[0m  [1m[34mSELECT 1 AS one FROM "users" WHERE "users"."email" = $1 LIMIT $2[0m  [["email", ""], ["LIMIT", 1]]
  [1m[35m (0.2ms)[0m  [1m[31mROLLBACK[0m
Completed 200 OK in 11ms (Views: 0.1ms | ActiveRecord: 0.8ms | Allocations: 4619)


Started POST "/api/v1/users" for 127.0.0.1 at 2019-10-21 10:24:01 +0530
  [1m[35m (0.5ms)[0m  [1m[34mSELECT "schema_migrations"."version" FROM "schema_migrations" ORDER BY "schema_migrations"."version" ASC[0m
Processing by Api::V1::User::RegistrationsController#create as */*
  Parameters: {"user"=>{"email"=>"tarun@gmail.com", "password"=>"[FILTERED]"}}
  [1m[35m (0.3ms)[0m  [1m[35mBEGIN[0m
  [1m[36mUser Exists? (0.6ms)[0m  [1m[34mSELECT 1 AS one FROM "users" WHERE "users"."email" = $1 LIMIT $2[0m  [["email", ""], ["LIMIT", 1]]
  [1m[35m (0.2ms)[0m  [1m[31mROLLBACK[0m
Completed 200 OK in 18ms (Views: 0.1ms | ActiveRecord: 5.1ms | Allocations: 12653)


Started POST "/api/v1/users" for 127.0.0.1 at 2019-10-21 10:25:03 +0530
  [1m[35m (1.0ms)[0m  [1m[34mSELECT "schema_migrations"."version" FROM "schema_migrations" ORDER BY "schema_migrations"."version" ASC[0m
Processing by Api::V1::User::RegistrationsController#create as */*
  Parameters: {"user"=>{"email"=>"tarun@gmail.com", "password"=>"[FILTERED]"}}
  [1m[35m (0.3ms)[0m  [1m[35mBEGIN[0m
  [1m[36mUser Exists? (0.5ms)[0m  [1m[34mSELECT 1 AS one FROM "users" WHERE "users"."email" = $1 LIMIT $2[0m  [["email", ""], ["LIMIT", 1]]
  [1m[35m (0.2ms)[0m  [1m[31mROLLBACK[0m
Completed 200 OK in 17ms (Views: 0.1ms | ActiveRecord: 3.8ms | Allocations: 12653)


Started POST "/api/v1/users" for 127.0.0.1 at 2019-10-21 10:25:51 +0530
Processing by Api::V1::User::RegistrationsController#create as */*
  Parameters: {"user"=>{"email"=>"tarun@gmail.com", "password"=>"[FILTERED]"}}
  [1m[35m (0.3ms)[0m  [1m[35mBEGIN[0m
  [1m[36mUser Exists? (0.4ms)[0m  [1m[34mSELECT 1 AS one FROM "users" WHERE "users"."email" = $1 LIMIT $2[0m  [["email", ""], ["LIMIT", 1]]
  [1m[35m (0.3ms)[0m  [1m[31mROLLBACK[0m
Completed 200 OK in 14ms (Views: 0.1ms | ActiveRecord: 4.2ms | Allocations: 9857)


Started POST "/api/v1/users" for 127.0.0.1 at 2019-10-21 10:26:07 +0530
  
ActionController::RoutingError (uninitialized constant Api::V1::Users):
  
app/controllers/api/v1/user/registrations_controller.rb:3:in `<module:V1>'
app/controllers/api/v1/user/registrations_controller.rb:2:in `<module:Api>'
app/controllers/api/v1/user/registrations_controller.rb:1:in `<main>'
Started POST "/api/v1/users" for 127.0.0.1 at 2019-10-21 10:26:56 +0530
  
ActionController::RoutingError (uninitialized constant Api::V1::Users):
  
app/controllers/api/v1/user/registrations_controller.rb:3:in `<module:V1>'
app/controllers/api/v1/user/registrations_controller.rb:2:in `<module:Api>'
app/controllers/api/v1/user/registrations_controller.rb:1:in `<main>'
Started POST "/api/v1/users" for 127.0.0.1 at 2019-10-21 10:27:21 +0530
Processing by Api::V1::Users::RegistrationsController#create as JSON
  Parameters: {"user"=>{"email"=>"tarun@gmail.com", "password"=>"[FILTERED]"}}
  [1m[35m (0.2ms)[0m  [1m[35mBEGIN[0m
  [1m[36mUser Exists? (0.3ms)[0m  [1m[34mSELECT 1 AS one FROM "users" WHERE "users"."email" = $1 LIMIT $2[0m  [["email", ""], ["LIMIT", 1]]
  [1m[35m (0.2ms)[0m  [1m[31mROLLBACK[0m
Completed 406 Not Acceptable in 14ms (ActiveRecord: 4.3ms | Allocations: 9833)


  
ActionController::UnknownFormat (ActionController::UnknownFormat):
  
responders (3.0.0) lib/action_controller/respond_with.rb:215:in `respond_with'
devise (4.7.1) app/controllers/devise/registrations_controller.rb:34:in `create'
actionpack (6.0.0) lib/action_controller/metal/basic_implicit_render.rb:6:in `send_action'
actionpack (6.0.0) lib/abstract_controller/base.rb:196:in `process_action'
actionpack (6.0.0) lib/action_controller/metal/rendering.rb:30:in `process_action'
actionpack (6.0.0) lib/abstract_controller/callbacks.rb:42:in `block in process_action'
activesupport (6.0.0) lib/active_support/callbacks.rb:135:in `run_callbacks'
actionpack (6.0.0) lib/abstract_controller/callbacks.rb:41:in `process_action'
actionpack (6.0.0) lib/action_controller/metal/rescue.rb:22:in `process_action'
actionpack (6.0.0) lib/action_controller/metal/instrumentation.rb:33:in `block in process_action'
activesupport (6.0.0) lib/active_support/notifications.rb:180:in `block in instrument'
activesupport (6.0.0) lib/active_support/notifications/instrumenter.rb:24:in `instrument'
activesupport (6.0.0) lib/active_support/notifications.rb:180:in `instrument'
actionpack (6.0.0) lib/action_controller/metal/instrumentation.rb:32:in `process_action'
actionpack (6.0.0) lib/action_controller/metal/params_wrapper.rb:245:in `process_action'
activerecord (6.0.0) lib/active_record/railties/controller_runtime.rb:27:in `process_action'
actionpack (6.0.0) lib/abstract_controller/base.rb:136:in `process'
actionpack (6.0.0) lib/action_controller/metal.rb:191:in `dispatch'
actionpack (6.0.0) lib/action_controller/metal.rb:252:in `dispatch'
actionpack (6.0.0) lib/action_dispatch/routing/route_set.rb:51:in `dispatch'
actionpack (6.0.0) lib/action_dispatch/routing/route_set.rb:33:in `serve'
actionpack (6.0.0) lib/action_dispatch/routing/mapper.rb:18:in `block in <class:Constraints>'
actionpack (6.0.0) lib/action_dispatch/routing/mapper.rb:48:in `serve'
actionpack (6.0.0) lib/action_dispatch/journey/router.rb:49:in `block in serve'
actionpack (6.0.0) lib/action_dispatch/journey/router.rb:32:in `each'
actionpack (6.0.0) lib/action_dispatch/journey/router.rb:32:in `serve'
actionpack (6.0.0) lib/action_dispatch/routing/route_set.rb:837:in `call'
warden (1.2.8) lib/warden/manager.rb:36:in `block in call'
warden (1.2.8) lib/warden/manager.rb:34:in `catch'
warden (1.2.8) lib/warden/manager.rb:34:in `call'
rack (2.0.7) lib/rack/etag.rb:25:in `call'
rack (2.0.7) lib/rack/conditional_get.rb:38:in `call'
rack (2.0.7) lib/rack/head.rb:12:in `call'
activerecord (6.0.0) lib/active_record/migration.rb:567:in `call'
actionpack (6.0.0) lib/action_dispatch/middleware/callbacks.rb:27:in `block in call'
activesupport (6.0.0) lib/active_support/callbacks.rb:101:in `run_callbacks'
actionpack (6.0.0) lib/action_dispatch/middleware/callbacks.rb:26:in `call'
actionpack (6.0.0) lib/action_dispatch/middleware/executor.rb:14:in `call'
actionpack (6.0.0) lib/action_dispatch/middleware/actionable_exceptions.rb:17:in `call'
actionpack (6.0.0) lib/action_dispatch/middleware/debug_exceptions.rb:32:in `call'
actionpack (6.0.0) lib/action_dispatch/middleware/show_exceptions.rb:33:in `call'
railties (6.0.0) lib/rails/rack/logger.rb:38:in `call_app'
railties (6.0.0) lib/rails/rack/logger.rb:26:in `block in call'
activesupport (6.0.0) lib/active_support/tagged_logging.rb:80:in `block in tagged'
activesupport (6.0.0) lib/active_support/tagged_logging.rb:28:in `tagged'
activesupport (6.0.0) lib/active_support/tagged_logging.rb:80:in `tagged'
railties (6.0.0) lib/rails/rack/logger.rb:26:in `call'
actionpack (6.0.0) lib/action_dispatch/middleware/remote_ip.rb:81:in `call'
actionpack (6.0.0) lib/action_dispatch/middleware/request_id.rb:27:in `call'
rack (2.0.7) lib/rack/runtime.rb:22:in `call'
activesupport (6.0.0) lib/active_support/cache/strategy/local_cache_middleware.rb:29:in `call'
actionpack (6.0.0) lib/action_dispatch/middleware/executor.rb:14:in `call'
actionpack (6.0.0) lib/action_dispatch/middleware/static.rb:126:in `call'
rack (2.0.7) lib/rack/sendfile.rb:111:in `call'
actionpack (6.0.0) lib/action_dispatch/middleware/host_authorization.rb:83:in `call'
railties (6.0.0) lib/rails/engine.rb:526:in `call'
puma (3.12.1) lib/puma/configuration.rb:227:in `call'
puma (3.12.1) lib/puma/server.rb:660:in `handle_request'
puma (3.12.1) lib/puma/server.rb:474:in `process_client'
puma (3.12.1) lib/puma/server.rb:334:in `block in run'
puma (3.12.1) lib/puma/thread_pool.rb:135:in `block in spawn_thread'
Started POST "/api/v1/users" for 127.0.0.1 at 2019-10-21 10:27:28 +0530
Processing by Api::V1::Users::RegistrationsController#create as */*
  Parameters: {"user"=>{"email"=>"tarun@gmail.com", "password"=>"[FILTERED]"}}
  [1m[35m (0.2ms)[0m  [1m[35mBEGIN[0m
  [1m[36mUser Exists? (0.3ms)[0m  [1m[34mSELECT 1 AS one FROM "users" WHERE "users"."email" = $1 LIMIT $2[0m  [["email", ""], ["LIMIT", 1]]
  [1m[35m (0.2ms)[0m  [1m[31mROLLBACK[0m
Completed 200 OK in 5ms (Views: 0.1ms | ActiveRecord: 0.7ms | Allocations: 4631)


Started POST "/api/v1/users" for 127.0.0.1 at 2019-10-21 10:27:37 +0530
Processing by Api::V1::Users::RegistrationsController#create as */*
  Parameters: {"user"=>{"email"=>"tarun@gmail.com", "password"=>"[FILTERED]"}}
  [1m[35m (0.2ms)[0m  [1m[35mBEGIN[0m
  [1m[36mUser Exists? (0.4ms)[0m  [1m[34mSELECT 1 AS one FROM "users" WHERE "users"."email" = $1 LIMIT $2[0m  [["email", ""], ["LIMIT", 1]]
  [1m[35m (0.2ms)[0m  [1m[31mROLLBACK[0m
Completed 200 OK in 5ms (Views: 0.1ms | ActiveRecord: 0.7ms | Allocations: 4629)


Started POST "/api/v1/users" for 127.0.0.1 at 2019-10-21 10:31:33 +0530
Processing by Api::V1::Users::RegistrationsController#create as */*
  Parameters: {"email"=>"tarun@gmail.com", "password"=>"[FILTERED]"}
  [1m[35m (0.3ms)[0m  [1m[35mBEGIN[0m
  [1m[36mUser Exists? (0.3ms)[0m  [1m[34mSELECT 1 AS one FROM "users" WHERE "users"."email" = $1 LIMIT $2[0m  [["email", ""], ["LIMIT", 1]]
  [1m[35m (0.2ms)[0m  [1m[31mROLLBACK[0m
Completed 200 OK in 5ms (Views: 0.1ms | ActiveRecord: 0.8ms | Allocations: 4606)


Started POST "/api/v1/users" for 127.0.0.1 at 2019-10-21 10:33:26 +0530
Processing by Api::V1::Users::RegistrationsController#create as */*
  Parameters: {"email"=>"tarun@gmail.com", "password"=>"[FILTERED]"}
Completed 400 Bad Request in 0ms (ActiveRecord: 0.0ms | Allocations: 303)


  
ActionController::ParameterMissing (param is missing or the value is empty: user):
  
app/controllers/api/v1/users/registrations_controller.rb:11:in `signup_params'
app/controllers/api/v1/users/registrations_controller.rb:5:in `create'
  [1m[36mUser Load (0.4ms)[0m  [1m[34mSELECT "users".* FROM "users" LIMIT $1[0m  [["LIMIT", 11]]
Started POST "/api/v1/users" for 127.0.0.1 at 2019-10-21 10:34:27 +0530
Processing by Api::V1::Users::RegistrationsController#create as */*
  Parameters: {"user"=>{"email"=>"tarun@gmail.com", "password"=>"[FILTERED]"}}
  [1m[35m (0.2ms)[0m  [1m[35mBEGIN[0m
  ↳ app/controllers/api/v1/users/registrations_controller.rb:5:in `create'
  [1m[36mUser Exists? (0.3ms)[0m  [1m[34mSELECT 1 AS one FROM "users" WHERE "users"."email" = $1 LIMIT $2[0m  [["email", "tarun@gmail.com"], ["LIMIT", 1]]
  ↳ app/controllers/api/v1/users/registrations_controller.rb:5:in `create'
  [1m[36mCACHE User Exists? (0.0ms)[0m  [1m[34mSELECT 1 AS one FROM "users" WHERE "users"."email" = $1 LIMIT $2[0m  [["email", "tarun@gmail.com"], ["LIMIT", 1]]
  ↳ app/controllers/api/v1/users/registrations_controller.rb:5:in `create'
  [1m[36mUser Create (86.7ms)[0m  [1m[32mINSERT INTO "users" ("email", "encrypted_password", "created_at", "updated_at") VALUES ($1, $2, $3, $4) RETURNING "id"[0m  [["email", "tarun@gmail.com"], ["encrypted_password", "$2a$11$swNF615RFMfUAd.nS7NeYOIOOwhRwU2zVIsvPdC8TRUJFd8SAEKSW"], ["created_at", "2019-10-21 05:04:27.270216"], ["updated_at", "2019-10-21 05:04:27.270216"]]
  ↳ app/controllers/api/v1/users/registrations_controller.rb:5:in `create'
  [1m[35m (10.4ms)[0m  [1m[35mCOMMIT[0m
  ↳ app/controllers/api/v1/users/registrations_controller.rb:5:in `create'
[active_model_serializers] Rendered ActiveModel::Serializer::Null with User (0.25ms)
Completed 200 OK in 286ms (Views: 20.8ms | ActiveRecord: 100.6ms | Allocations: 12070)


  [1m[36mUser Load (0.9ms)[0m  [1m[34mSELECT "users".* FROM "users" LIMIT $1[0m  [["LIMIT", 11]]
Started POST "/api/v1/users" for 127.0.0.1 at 2019-10-21 10:38:17 +0530
  
SyntaxError (/home/beryl/myarticles/app/controllers/api/v1/users/registrations_controller.rb:9: else without rescue is useless
        else
        ^~~~):
  
app/controllers/api/v1/users/registrations_controller.rb:9: else without rescue is useless
app/controllers/api/v1/users/registrations_controller.rb:9: else without rescue is useless
Started POST "/api/v1/users" for 127.0.0.1 at 2019-10-21 10:38:40 +0530
Processing by Api::V1::Users::RegistrationsController#create as */*
  Parameters: {"user"=>{"email"=>"tarun@gmail.com", "password"=>"[FILTERED]"}}
  [1m[36mUser Load (0.2ms)[0m  [1m[34mSELECT "users".* FROM "users" WHERE "users"."email" IS NULL LIMIT $1[0m  [["LIMIT", 1]]
  ↳ app/controllers/api/v1/users/registrations_controller.rb:5:in `create'
  [1m[35m (0.4ms)[0m  [1m[35mBEGIN[0m
  ↳ app/controllers/api/v1/users/registrations_controller.rb:9:in `create'
  [1m[36mUser Exists? (0.4ms)[0m  [1m[34mSELECT 1 AS one FROM "users" WHERE "users"."email" = $1 LIMIT $2[0m  [["email", "tarun@gmail.com"], ["LIMIT", 1]]
  ↳ app/controllers/api/v1/users/registrations_controller.rb:9:in `create'
  [1m[36mCACHE User Exists? (0.0ms)[0m  [1m[34mSELECT 1 AS one FROM "users" WHERE "users"."email" = $1 LIMIT $2[0m  [["email", "tarun@gmail.com"], ["LIMIT", 1]]
  ↳ app/controllers/api/v1/users/registrations_controller.rb:9:in `create'
  [1m[35m (0.2ms)[0m  [1m[31mROLLBACK[0m
  ↳ app/controllers/api/v1/users/registrations_controller.rb:9:in `create'
[active_model_serializers] Rendered ActiveModel::Serializer::Null with Hash (0.15ms)
Completed 200 OK in 134ms (Views: 0.7ms | ActiveRecord: 4.6ms | Allocations: 10610)


  [1m[36mUser Load (0.8ms)[0m  [1m[34mSELECT "users".* FROM "users" LIMIT $1[0m  [["LIMIT", 11]]
Started POST "/api/v1/users" for 127.0.0.1 at 2019-10-21 10:39:23 +0530
Processing by Api::V1::Users::RegistrationsController#create as */*
  Parameters: {"user"=>{"email"=>"tarun@gmail.com", "password"=>"[FILTERED]"}}
  [1m[36mUser Load (0.2ms)[0m  [1m[34mSELECT "users".* FROM "users" WHERE "users"."email" IS NULL LIMIT $1[0m  [["LIMIT", 1]]
  ↳ app/controllers/api/v1/users/registrations_controller.rb:5:in `create'
  [1m[35m (0.3ms)[0m  [1m[35mBEGIN[0m
  ↳ app/controllers/api/v1/users/registrations_controller.rb:9:in `create'
  [1m[36mUser Exists? (0.4ms)[0m  [1m[34mSELECT 1 AS one FROM "users" WHERE "users"."email" = $1 LIMIT $2[0m  [["email", "tarun@gmail.com"], ["LIMIT", 1]]
  ↳ app/controllers/api/v1/users/registrations_controller.rb:9:in `create'
  [1m[36mCACHE User Exists? (0.0ms)[0m  [1m[34mSELECT 1 AS one FROM "users" WHERE "users"."email" = $1 LIMIT $2[0m  [["email", "tarun@gmail.com"], ["LIMIT", 1]]
  ↳ app/controllers/api/v1/users/registrations_controller.rb:9:in `create'
  [1m[35m (0.3ms)[0m  [1m[31mROLLBACK[0m
  ↳ app/controllers/api/v1/users/registrations_controller.rb:9:in `create'
[active_model_serializers] Rendered ActiveModel::Serializer::Null with Hash (0.16ms)
Completed 200 OK in 137ms (Views: 0.6ms | ActiveRecord: 4.0ms | Allocations: 10480)


Started POST "/api/v1/users" for 127.0.0.1 at 2019-10-21 10:39:53 +0530
Processing by Api::V1::Users::RegistrationsController#create as */*
  Parameters: {"user"=>{"email"=>"tarun@gmail.com", "password"=>"[FILTERED]"}}
  [1m[36mUser Load (0.3ms)[0m  [1m[34mSELECT "users".* FROM "users" WHERE "users"."email" = $1 LIMIT $2[0m  [["email", "tarun@gmail.com"], ["LIMIT", 1]]
  ↳ app/controllers/api/v1/users/registrations_controller.rb:5:in `create'
[active_model_serializers] Rendered ActiveModel::Serializer::Null with Hash (0.13ms)
Completed 200 OK in 12ms (Views: 0.6ms | ActiveRecord: 3.5ms | Allocations: 6143)


